D:\DOCUMENTS\DOCUMENTS\GRAFICA\LAB2\LAB2_EX1_V2\LAB2\DEBUG\VC110.PDB
D:\DOCUMENTS\DOCUMENTS\GRAFICA\LAB2\LAB2_EX1_V2\LAB2\DEBUG\DRAWINGWINDOW.OBJ
D:\DOCUMENTS\DOCUMENTS\GRAFICA\LAB2\LAB2_EX1_V2\LAB2\DEBUG\MAIN.OBJ
D:\DOCUMENTS\DOCUMENTS\GRAFICA\LAB2\LAB2_EX1_V2\LAB2\DEBUG\COMPLEXOBJECT2D.OBJ
D:\DOCUMENTS\DOCUMENTS\GRAFICA\LAB2\LAB2_EX1_V2\LAB2\DEBUG\TRANSFORM2D.OBJ
D:\DOCUMENTS\DOCUMENTS\GRAFICA\LAB2\LAB2_EX1_V2\LAB2\DEBUG\VISUAL2D.OBJ
D:\DOCUMENTS\DOCUMENTS\GRAFICA\LAB2\LAB2_EX1_V2\LAB2\DEBUG\SHIP.OBJ
D:\DOCUMENTS\DOCUMENTS\GRAFICA\LAB2\LAB2_EX1_V2\LAB2\DEBUG\GAMEFIELDVISUAL2D.OBJ
D:\DOCUMENTS\DOCUMENTS\GRAFICA\LAB2\LAB2_EX1_V2\LAB2\DEBUG\ENEMY.OBJ
D:\DOCUMENTS\DOCUMENTS\GRAFICA\LAB2\LAB2_EX1_V2\LAB2\DEBUG\SQUAREINSQUAREENEMY.OBJ
D:\DOCUMENTS\DOCUMENTS\GRAFICA\LAB2\LAB2_EX1_V2\LAB2\DEBUG\COMMON.OBJ
D:\DOCUMENTS\DOCUMENTS\GRAFICA\LAB2\LAB2_EX1_V2\LAB2\DEBUG\STATUSVISUAL2D.OBJ
D:\DOCUMENTS\DOCUMENTS\GRAFICA\LAB2\LAB2_EX1_V2\LAB2\DEBUG\TWOSQUARESENEMY.OBJ
D:\DOCUMENTS\DOCUMENTS\GRAFICA\LAB2\LAB2_EX1_V2\LAB2\DEBUG\CIRCULARSAWENEMY.OBJ
D:\DOCUMENTS\DOCUMENTS\GRAFICA\LAB2\LAB2_EX1_V2\DEBUG\LAB2.ILK
D:\DOCUMENTS\DOCUMENTS\GRAFICA\LAB2\LAB2_EX1_V2\DEBUG\LAB2.EXE
D:\DOCUMENTS\DOCUMENTS\GRAFICA\LAB2\LAB2_EX1_V2\DEBUG\LAB2.PDB
D:\Documents\Documents\grafica\lab2\lab2_ex1_v2\lab2\Debug\CircularSawEnemy.obj
D:\Documents\Documents\grafica\lab2\lab2_ex1_v2\lab2\Debug\Common.obj
D:\Documents\Documents\grafica\lab2\lab2_ex1_v2\lab2\Debug\ComplexObject2D.obj
D:\Documents\Documents\grafica\lab2\lab2_ex1_v2\lab2\Debug\DrawingWindow.obj
D:\Documents\Documents\grafica\lab2\lab2_ex1_v2\lab2\Debug\Enemy.obj
D:\Documents\Documents\grafica\lab2\lab2_ex1_v2\lab2\Debug\GameFieldVisual2D.obj
D:\Documents\Documents\grafica\lab2\lab2_ex1_v2\lab2\Debug\main.obj
D:\Documents\Documents\grafica\lab2\lab2_ex1_v2\lab2\Debug\ship.obj
D:\Documents\Documents\grafica\lab2\lab2_ex1_v2\lab2\Debug\SquareInSquareEnemy.obj
D:\Documents\Documents\grafica\lab2\lab2_ex1_v2\lab2\Debug\StatusVisual2D.obj
D:\Documents\Documents\grafica\lab2\lab2_ex1_v2\lab2\Debug\Transform2D.obj
D:\Documents\Documents\grafica\lab2\lab2_ex1_v2\lab2\Debug\TwoSquaresEnemy.obj
D:\Documents\Documents\grafica\lab2\lab2_ex1_v2\lab2\Debug\Visual2D.obj
D:\Documents\Documents\grafica\lab2\lab2_ex1_v2\lab2\Debug\cl.command.1.tlog
D:\Documents\Documents\grafica\lab2\lab2_ex1_v2\lab2\Debug\CL.read.1.tlog
D:\Documents\Documents\grafica\lab2\lab2_ex1_v2\lab2\Debug\CL.write.1.tlog
D:\Documents\Documents\grafica\lab2\lab2_ex1_v2\lab2\Debug\link-cvtres.read.1.tlog
D:\Documents\Documents\grafica\lab2\lab2_ex1_v2\lab2\Debug\link-cvtres.write.1.tlog
D:\Documents\Documents\grafica\lab2\lab2_ex1_v2\lab2\Debug\link-rc.read.1.tlog
D:\Documents\Documents\grafica\lab2\lab2_ex1_v2\lab2\Debug\link-rc.write.1.tlog
D:\Documents\Documents\grafica\lab2\lab2_ex1_v2\lab2\Debug\link.10216-cvtres.read.1.tlog
D:\Documents\Documents\grafica\lab2\lab2_ex1_v2\lab2\Debug\link.10216-cvtres.write.1.tlog
D:\Documents\Documents\grafica\lab2\lab2_ex1_v2\lab2\Debug\link.10216-rc.read.1.tlog
D:\Documents\Documents\grafica\lab2\lab2_ex1_v2\lab2\Debug\link.10216-rc.write.1.tlog
D:\Documents\Documents\grafica\lab2\lab2_ex1_v2\lab2\Debug\link.10216.read.1.tlog
D:\Documents\Documents\grafica\lab2\lab2_ex1_v2\lab2\Debug\link.10216.write.1.tlog
D:\Documents\Documents\grafica\lab2\lab2_ex1_v2\lab2\Debug\link.1464-cvtres.read.1.tlog
D:\Documents\Documents\grafica\lab2\lab2_ex1_v2\lab2\Debug\link.1464-cvtres.write.1.tlog
D:\Documents\Documents\grafica\lab2\lab2_ex1_v2\lab2\Debug\link.1464-rc.read.1.tlog
D:\Documents\Documents\grafica\lab2\lab2_ex1_v2\lab2\Debug\link.1464-rc.write.1.tlog
D:\Documents\Documents\grafica\lab2\lab2_ex1_v2\lab2\Debug\link.1464.read.1.tlog
D:\Documents\Documents\grafica\lab2\lab2_ex1_v2\lab2\Debug\link.1464.write.1.tlog
D:\Documents\Documents\grafica\lab2\lab2_ex1_v2\lab2\Debug\link.2352-cvtres.read.1.tlog
D:\Documents\Documents\grafica\lab2\lab2_ex1_v2\lab2\Debug\link.2352-cvtres.write.1.tlog
D:\Documents\Documents\grafica\lab2\lab2_ex1_v2\lab2\Debug\link.2352-rc.read.1.tlog
D:\Documents\Documents\grafica\lab2\lab2_ex1_v2\lab2\Debug\link.2352-rc.write.1.tlog
D:\Documents\Documents\grafica\lab2\lab2_ex1_v2\lab2\Debug\link.2352.read.1.tlog
D:\Documents\Documents\grafica\lab2\lab2_ex1_v2\lab2\Debug\link.2352.write.1.tlog
D:\Documents\Documents\grafica\lab2\lab2_ex1_v2\lab2\Debug\link.4612-cvtres.read.1.tlog
D:\Documents\Documents\grafica\lab2\lab2_ex1_v2\lab2\Debug\link.4612-cvtres.write.1.tlog
D:\Documents\Documents\grafica\lab2\lab2_ex1_v2\lab2\Debug\link.4612-rc.read.1.tlog
D:\Documents\Documents\grafica\lab2\lab2_ex1_v2\lab2\Debug\link.4612-rc.write.1.tlog
D:\Documents\Documents\grafica\lab2\lab2_ex1_v2\lab2\Debug\link.4612.read.1.tlog
D:\Documents\Documents\grafica\lab2\lab2_ex1_v2\lab2\Debug\link.4612.write.1.tlog
D:\Documents\Documents\grafica\lab2\lab2_ex1_v2\lab2\Debug\link.4672-cvtres.read.1.tlog
D:\Documents\Documents\grafica\lab2\lab2_ex1_v2\lab2\Debug\link.4672-cvtres.write.1.tlog
D:\Documents\Documents\grafica\lab2\lab2_ex1_v2\lab2\Debug\link.4672-rc.read.1.tlog
D:\Documents\Documents\grafica\lab2\lab2_ex1_v2\lab2\Debug\link.4672-rc.write.1.tlog
D:\Documents\Documents\grafica\lab2\lab2_ex1_v2\lab2\Debug\link.4672.read.1.tlog
D:\Documents\Documents\grafica\lab2\lab2_ex1_v2\lab2\Debug\link.4672.write.1.tlog
D:\Documents\Documents\grafica\lab2\lab2_ex1_v2\lab2\Debug\link.4692-cvtres.read.1.tlog
D:\Documents\Documents\grafica\lab2\lab2_ex1_v2\lab2\Debug\link.4692-cvtres.write.1.tlog
D:\Documents\Documents\grafica\lab2\lab2_ex1_v2\lab2\Debug\link.4692-rc.read.1.tlog
D:\Documents\Documents\grafica\lab2\lab2_ex1_v2\lab2\Debug\link.4692-rc.write.1.tlog
D:\Documents\Documents\grafica\lab2\lab2_ex1_v2\lab2\Debug\link.4692.read.1.tlog
D:\Documents\Documents\grafica\lab2\lab2_ex1_v2\lab2\Debug\link.4692.write.1.tlog
D:\Documents\Documents\grafica\lab2\lab2_ex1_v2\lab2\Debug\link.5188-cvtres.read.1.tlog
D:\Documents\Documents\grafica\lab2\lab2_ex1_v2\lab2\Debug\link.5188-cvtres.write.1.tlog
D:\Documents\Documents\grafica\lab2\lab2_ex1_v2\lab2\Debug\link.5188-rc.read.1.tlog
D:\Documents\Documents\grafica\lab2\lab2_ex1_v2\lab2\Debug\link.5188-rc.write.1.tlog
D:\Documents\Documents\grafica\lab2\lab2_ex1_v2\lab2\Debug\link.5188.read.1.tlog
D:\Documents\Documents\grafica\lab2\lab2_ex1_v2\lab2\Debug\link.5188.write.1.tlog
D:\Documents\Documents\grafica\lab2\lab2_ex1_v2\lab2\Debug\link.6272-cvtres.read.1.tlog
D:\Documents\Documents\grafica\lab2\lab2_ex1_v2\lab2\Debug\link.6272-cvtres.write.1.tlog
D:\Documents\Documents\grafica\lab2\lab2_ex1_v2\lab2\Debug\link.6272-rc.read.1.tlog
D:\Documents\Documents\grafica\lab2\lab2_ex1_v2\lab2\Debug\link.6272-rc.write.1.tlog
D:\Documents\Documents\grafica\lab2\lab2_ex1_v2\lab2\Debug\link.6272.read.1.tlog
D:\Documents\Documents\grafica\lab2\lab2_ex1_v2\lab2\Debug\link.6272.write.1.tlog
D:\Documents\Documents\grafica\lab2\lab2_ex1_v2\lab2\Debug\link.6552-cvtres.read.1.tlog
D:\Documents\Documents\grafica\lab2\lab2_ex1_v2\lab2\Debug\link.6552-cvtres.write.1.tlog
D:\Documents\Documents\grafica\lab2\lab2_ex1_v2\lab2\Debug\link.6552-rc.read.1.tlog
D:\Documents\Documents\grafica\lab2\lab2_ex1_v2\lab2\Debug\link.6552-rc.write.1.tlog
D:\Documents\Documents\grafica\lab2\lab2_ex1_v2\lab2\Debug\link.6552.read.1.tlog
D:\Documents\Documents\grafica\lab2\lab2_ex1_v2\lab2\Debug\link.6552.write.1.tlog
D:\Documents\Documents\grafica\lab2\lab2_ex1_v2\lab2\Debug\link.6796-cvtres.read.1.tlog
D:\Documents\Documents\grafica\lab2\lab2_ex1_v2\lab2\Debug\link.6796-cvtres.write.1.tlog
D:\Documents\Documents\grafica\lab2\lab2_ex1_v2\lab2\Debug\link.6796-rc.read.1.tlog
D:\Documents\Documents\grafica\lab2\lab2_ex1_v2\lab2\Debug\link.6796-rc.write.1.tlog
D:\Documents\Documents\grafica\lab2\lab2_ex1_v2\lab2\Debug\link.6796.read.1.tlog
D:\Documents\Documents\grafica\lab2\lab2_ex1_v2\lab2\Debug\link.6796.write.1.tlog
D:\Documents\Documents\grafica\lab2\lab2_ex1_v2\lab2\Debug\link.7088-cvtres.read.1.tlog
D:\Documents\Documents\grafica\lab2\lab2_ex1_v2\lab2\Debug\link.7088-cvtres.write.1.tlog
D:\Documents\Documents\grafica\lab2\lab2_ex1_v2\lab2\Debug\link.7088-rc.read.1.tlog
D:\Documents\Documents\grafica\lab2\lab2_ex1_v2\lab2\Debug\link.7088-rc.write.1.tlog
D:\Documents\Documents\grafica\lab2\lab2_ex1_v2\lab2\Debug\link.7088.read.1.tlog
D:\Documents\Documents\grafica\lab2\lab2_ex1_v2\lab2\Debug\link.7088.write.1.tlog
D:\Documents\Documents\grafica\lab2\lab2_ex1_v2\lab2\Debug\link.7228-cvtres.read.1.tlog
D:\Documents\Documents\grafica\lab2\lab2_ex1_v2\lab2\Debug\link.7228-cvtres.write.1.tlog
D:\Documents\Documents\grafica\lab2\lab2_ex1_v2\lab2\Debug\link.7228-rc.read.1.tlog
D:\Documents\Documents\grafica\lab2\lab2_ex1_v2\lab2\Debug\link.7228-rc.write.1.tlog
D:\Documents\Documents\grafica\lab2\lab2_ex1_v2\lab2\Debug\link.7228.read.1.tlog
D:\Documents\Documents\grafica\lab2\lab2_ex1_v2\lab2\Debug\link.7228.write.1.tlog
D:\Documents\Documents\grafica\lab2\lab2_ex1_v2\lab2\Debug\link.7260-cvtres.read.1.tlog
D:\Documents\Documents\grafica\lab2\lab2_ex1_v2\lab2\Debug\link.7260-cvtres.write.1.tlog
D:\Documents\Documents\grafica\lab2\lab2_ex1_v2\lab2\Debug\link.7260-rc.read.1.tlog
D:\Documents\Documents\grafica\lab2\lab2_ex1_v2\lab2\Debug\link.7260-rc.write.1.tlog
D:\Documents\Documents\grafica\lab2\lab2_ex1_v2\lab2\Debug\link.7260.read.1.tlog
D:\Documents\Documents\grafica\lab2\lab2_ex1_v2\lab2\Debug\link.7260.write.1.tlog
D:\Documents\Documents\grafica\lab2\lab2_ex1_v2\lab2\Debug\link.7392-cvtres.read.1.tlog
D:\Documents\Documents\grafica\lab2\lab2_ex1_v2\lab2\Debug\link.7392-cvtres.write.1.tlog
D:\Documents\Documents\grafica\lab2\lab2_ex1_v2\lab2\Debug\link.7392-rc.read.1.tlog
D:\Documents\Documents\grafica\lab2\lab2_ex1_v2\lab2\Debug\link.7392-rc.write.1.tlog
D:\Documents\Documents\grafica\lab2\lab2_ex1_v2\lab2\Debug\link.7392.read.1.tlog
D:\Documents\Documents\grafica\lab2\lab2_ex1_v2\lab2\Debug\link.7392.write.1.tlog
D:\Documents\Documents\grafica\lab2\lab2_ex1_v2\lab2\Debug\link.7760-cvtres.read.1.tlog
D:\Documents\Documents\grafica\lab2\lab2_ex1_v2\lab2\Debug\link.7760-cvtres.write.1.tlog
D:\Documents\Documents\grafica\lab2\lab2_ex1_v2\lab2\Debug\link.7760-rc.read.1.tlog
D:\Documents\Documents\grafica\lab2\lab2_ex1_v2\lab2\Debug\link.7760-rc.write.1.tlog
D:\Documents\Documents\grafica\lab2\lab2_ex1_v2\lab2\Debug\link.7760.read.1.tlog
D:\Documents\Documents\grafica\lab2\lab2_ex1_v2\lab2\Debug\link.7760.write.1.tlog
D:\Documents\Documents\grafica\lab2\lab2_ex1_v2\lab2\Debug\link.7880-cvtres.read.1.tlog
D:\Documents\Documents\grafica\lab2\lab2_ex1_v2\lab2\Debug\link.7880-cvtres.write.1.tlog
D:\Documents\Documents\grafica\lab2\lab2_ex1_v2\lab2\Debug\link.7880-rc.read.1.tlog
D:\Documents\Documents\grafica\lab2\lab2_ex1_v2\lab2\Debug\link.7880-rc.write.1.tlog
D:\Documents\Documents\grafica\lab2\lab2_ex1_v2\lab2\Debug\link.7880.read.1.tlog
D:\Documents\Documents\grafica\lab2\lab2_ex1_v2\lab2\Debug\link.7880.write.1.tlog
D:\Documents\Documents\grafica\lab2\lab2_ex1_v2\lab2\Debug\link.7916-cvtres.read.1.tlog
D:\Documents\Documents\grafica\lab2\lab2_ex1_v2\lab2\Debug\link.7916-cvtres.write.1.tlog
D:\Documents\Documents\grafica\lab2\lab2_ex1_v2\lab2\Debug\link.7916-rc.read.1.tlog
D:\Documents\Documents\grafica\lab2\lab2_ex1_v2\lab2\Debug\link.7916-rc.write.1.tlog
D:\Documents\Documents\grafica\lab2\lab2_ex1_v2\lab2\Debug\link.7916.read.1.tlog
D:\Documents\Documents\grafica\lab2\lab2_ex1_v2\lab2\Debug\link.7916.write.1.tlog
D:\Documents\Documents\grafica\lab2\lab2_ex1_v2\lab2\Debug\link.7932-cvtres.read.1.tlog
D:\Documents\Documents\grafica\lab2\lab2_ex1_v2\lab2\Debug\link.7932-cvtres.write.1.tlog
D:\Documents\Documents\grafica\lab2\lab2_ex1_v2\lab2\Debug\link.7932-rc.read.1.tlog
D:\Documents\Documents\grafica\lab2\lab2_ex1_v2\lab2\Debug\link.7932-rc.write.1.tlog
D:\Documents\Documents\grafica\lab2\lab2_ex1_v2\lab2\Debug\link.7932.read.1.tlog
D:\Documents\Documents\grafica\lab2\lab2_ex1_v2\lab2\Debug\link.7932.write.1.tlog
D:\Documents\Documents\grafica\lab2\lab2_ex1_v2\lab2\Debug\link.8036-cvtres.read.1.tlog
D:\Documents\Documents\grafica\lab2\lab2_ex1_v2\lab2\Debug\link.8036-cvtres.write.1.tlog
D:\Documents\Documents\grafica\lab2\lab2_ex1_v2\lab2\Debug\link.8036-rc.read.1.tlog
D:\Documents\Documents\grafica\lab2\lab2_ex1_v2\lab2\Debug\link.8036-rc.write.1.tlog
D:\Documents\Documents\grafica\lab2\lab2_ex1_v2\lab2\Debug\link.8036.read.1.tlog
D:\Documents\Documents\grafica\lab2\lab2_ex1_v2\lab2\Debug\link.8036.write.1.tlog
D:\Documents\Documents\grafica\lab2\lab2_ex1_v2\lab2\Debug\link.8592-cvtres.read.1.tlog
D:\Documents\Documents\grafica\lab2\lab2_ex1_v2\lab2\Debug\link.8592-cvtres.write.1.tlog
D:\Documents\Documents\grafica\lab2\lab2_ex1_v2\lab2\Debug\link.8592-rc.read.1.tlog
D:\Documents\Documents\grafica\lab2\lab2_ex1_v2\lab2\Debug\link.8592-rc.write.1.tlog
D:\Documents\Documents\grafica\lab2\lab2_ex1_v2\lab2\Debug\link.8592.read.1.tlog
D:\Documents\Documents\grafica\lab2\lab2_ex1_v2\lab2\Debug\link.8592.write.1.tlog
D:\Documents\Documents\grafica\lab2\lab2_ex1_v2\lab2\Debug\link.8796-cvtres.read.1.tlog
D:\Documents\Documents\grafica\lab2\lab2_ex1_v2\lab2\Debug\link.8796-cvtres.write.1.tlog
D:\Documents\Documents\grafica\lab2\lab2_ex1_v2\lab2\Debug\link.8796-rc.read.1.tlog
D:\Documents\Documents\grafica\lab2\lab2_ex1_v2\lab2\Debug\link.8796-rc.write.1.tlog
D:\Documents\Documents\grafica\lab2\lab2_ex1_v2\lab2\Debug\link.8796.read.1.tlog
D:\Documents\Documents\grafica\lab2\lab2_ex1_v2\lab2\Debug\link.8796.write.1.tlog
D:\Documents\Documents\grafica\lab2\lab2_ex1_v2\lab2\Debug\link.9292-cvtres.read.1.tlog
D:\Documents\Documents\grafica\lab2\lab2_ex1_v2\lab2\Debug\link.9292-cvtres.write.1.tlog
D:\Documents\Documents\grafica\lab2\lab2_ex1_v2\lab2\Debug\link.9292-rc.read.1.tlog
D:\Documents\Documents\grafica\lab2\lab2_ex1_v2\lab2\Debug\link.9292-rc.write.1.tlog
D:\Documents\Documents\grafica\lab2\lab2_ex1_v2\lab2\Debug\link.9292.read.1.tlog
D:\Documents\Documents\grafica\lab2\lab2_ex1_v2\lab2\Debug\link.9292.write.1.tlog
D:\Documents\Documents\grafica\lab2\lab2_ex1_v2\lab2\Debug\link.9880-cvtres.read.1.tlog
D:\Documents\Documents\grafica\lab2\lab2_ex1_v2\lab2\Debug\link.9880-cvtres.write.1.tlog
D:\Documents\Documents\grafica\lab2\lab2_ex1_v2\lab2\Debug\link.9880-rc.read.1.tlog
D:\Documents\Documents\grafica\lab2\lab2_ex1_v2\lab2\Debug\link.9880-rc.write.1.tlog
D:\Documents\Documents\grafica\lab2\lab2_ex1_v2\lab2\Debug\link.9880.read.1.tlog
D:\Documents\Documents\grafica\lab2\lab2_ex1_v2\lab2\Debug\link.9880.write.1.tlog
D:\Documents\Documents\grafica\lab2\lab2_ex1_v2\lab2\Debug\link.command.1.tlog
D:\Documents\Documents\grafica\lab2\lab2_ex1_v2\lab2\Debug\link.read.1.tlog
D:\Documents\Documents\grafica\lab2\lab2_ex1_v2\lab2\Debug\link.write.1.tlog
D:\Documents\Documents\grafica\lab2\lab2_ex1_v2\lab2\Debug\vc110.idb
D:\Documents\Documents\grafica\lab2\lab2_ex1_v2\lab2\Debug\vc110.pdb
D:\Documents\Documents\grafica\lab2\lab2_ex1_v2\Debug\lab2.pdb
D:\Documents\Documents\grafica\lab2\lab2_ex1_v2\Debug\lab2.exe
D:\Documents\Documents\grafica\lab2\lab2_ex1_v2\Debug\lab2.ilk
