D:\DOCUMENTS\DOCUMENTS\GRAFICA\LAB2\LAB2_EX1_V2\TEMA1\DEBUG\COMMON.OBJ
D:\DOCUMENTS\DOCUMENTS\GRAFICA\LAB2\LAB2_EX1_V2\TEMA1\DEBUG\COMPLEXOBJECT2D.OBJ
D:\DOCUMENTS\DOCUMENTS\GRAFICA\LAB2\LAB2_EX1_V2\TEMA1\DEBUG\DRAWINGWINDOW.OBJ
D:\DOCUMENTS\DOCUMENTS\GRAFICA\LAB2\LAB2_EX1_V2\TEMA1\DEBUG\TRANSFORM2D.OBJ
D:\DOCUMENTS\DOCUMENTS\GRAFICA\LAB2\LAB2_EX1_V2\TEMA1\DEBUG\VISUAL2D.OBJ
D:\DOCUMENTS\DOCUMENTS\GRAFICA\LAB2\LAB2_EX1_V2\TEMA1\DEBUG\MAIN.OBJ
D:\DOCUMENTS\DOCUMENTS\GRAFICA\LAB2\LAB2_EX1_V2\TEMA1\DEBUG\ARROWENEMY.OBJ
D:\DOCUMENTS\DOCUMENTS\GRAFICA\LAB2\LAB2_EX1_V2\TEMA1\DEBUG\BONUS.OBJ
D:\DOCUMENTS\DOCUMENTS\GRAFICA\LAB2\LAB2_EX1_V2\TEMA1\DEBUG\CIRCULARSAWENEMY.OBJ
D:\DOCUMENTS\DOCUMENTS\GRAFICA\LAB2\LAB2_EX1_V2\TEMA1\DEBUG\ENEMY.OBJ
D:\DOCUMENTS\DOCUMENTS\GRAFICA\LAB2\LAB2_EX1_V2\TEMA1\DEBUG\GAMEFIELDVISUAL2D.OBJ
D:\DOCUMENTS\DOCUMENTS\GRAFICA\LAB2\LAB2_EX1_V2\TEMA1\DEBUG\LIFEBONUS.OBJ
D:\DOCUMENTS\DOCUMENTS\GRAFICA\LAB2\LAB2_EX1_V2\TEMA1\DEBUG\SHIELDBONUS.OBJ
D:\DOCUMENTS\DOCUMENTS\GRAFICA\LAB2\LAB2_EX1_V2\TEMA1\DEBUG\SHIP.OBJ
D:\DOCUMENTS\DOCUMENTS\GRAFICA\LAB2\LAB2_EX1_V2\TEMA1\DEBUG\SQUAREINSQUAREENEMY.OBJ
D:\DOCUMENTS\DOCUMENTS\GRAFICA\LAB2\LAB2_EX1_V2\TEMA1\DEBUG\STATUSVISUAL2D.OBJ
D:\DOCUMENTS\DOCUMENTS\GRAFICA\LAB2\LAB2_EX1_V2\TEMA1\DEBUG\TWOSQUARESENEMY.OBJ
D:\DOCUMENTS\DOCUMENTS\GRAFICA\LAB2\LAB2_EX1_V2\TEMA1\DEBUG\VC110.PDB
D:\DOCUMENTS\DOCUMENTS\GRAFICA\LAB2\LAB2_EX1_V2\DEBUG\TEMA1.ILK
D:\DOCUMENTS\DOCUMENTS\GRAFICA\LAB2\LAB2_EX1_V2\DEBUG\TEMA1.EXE
D:\DOCUMENTS\DOCUMENTS\GRAFICA\LAB2\LAB2_EX1_V2\DEBUG\TEMA1.PDB
D:\Documents\Documents\grafica\lab2\lab2_ex1_v2\tema1\Debug\ArrowEnemy.obj
D:\Documents\Documents\grafica\lab2\lab2_ex1_v2\tema1\Debug\Bonus.obj
D:\Documents\Documents\grafica\lab2\lab2_ex1_v2\tema1\Debug\CircularSawEnemy.obj
D:\Documents\Documents\grafica\lab2\lab2_ex1_v2\tema1\Debug\Common.obj
D:\Documents\Documents\grafica\lab2\lab2_ex1_v2\tema1\Debug\ComplexObject2D.obj
D:\Documents\Documents\grafica\lab2\lab2_ex1_v2\tema1\Debug\DrawingWindow.obj
D:\Documents\Documents\grafica\lab2\lab2_ex1_v2\tema1\Debug\Enemy.obj
D:\Documents\Documents\grafica\lab2\lab2_ex1_v2\tema1\Debug\GameFieldVisual2D.obj
D:\Documents\Documents\grafica\lab2\lab2_ex1_v2\tema1\Debug\LifeBonus.obj
D:\Documents\Documents\grafica\lab2\lab2_ex1_v2\tema1\Debug\main.obj
D:\Documents\Documents\grafica\lab2\lab2_ex1_v2\tema1\Debug\ShieldBonus.obj
D:\Documents\Documents\grafica\lab2\lab2_ex1_v2\tema1\Debug\ship.obj
D:\Documents\Documents\grafica\lab2\lab2_ex1_v2\tema1\Debug\SquareInSquareEnemy.obj
D:\Documents\Documents\grafica\lab2\lab2_ex1_v2\tema1\Debug\StatusVisual2D.obj
D:\Documents\Documents\grafica\lab2\lab2_ex1_v2\tema1\Debug\Transform2D.obj
D:\Documents\Documents\grafica\lab2\lab2_ex1_v2\tema1\Debug\TwoSquaresEnemy.obj
D:\Documents\Documents\grafica\lab2\lab2_ex1_v2\tema1\Debug\Visual2D.obj
D:\Documents\Documents\grafica\lab2\lab2_ex1_v2\tema1\Debug\cl.command.1.tlog
D:\Documents\Documents\grafica\lab2\lab2_ex1_v2\tema1\Debug\CL.read.1.tlog
D:\Documents\Documents\grafica\lab2\lab2_ex1_v2\tema1\Debug\CL.write.1.tlog
D:\Documents\Documents\grafica\lab2\lab2_ex1_v2\tema1\Debug\link-cvtres.read.1.tlog
D:\Documents\Documents\grafica\lab2\lab2_ex1_v2\tema1\Debug\link-cvtres.write.1.tlog
D:\Documents\Documents\grafica\lab2\lab2_ex1_v2\tema1\Debug\link-rc.read.1.tlog
D:\Documents\Documents\grafica\lab2\lab2_ex1_v2\tema1\Debug\link-rc.write.1.tlog
D:\Documents\Documents\grafica\lab2\lab2_ex1_v2\tema1\Debug\link.command.1.tlog
D:\Documents\Documents\grafica\lab2\lab2_ex1_v2\tema1\Debug\link.read.1.tlog
D:\Documents\Documents\grafica\lab2\lab2_ex1_v2\tema1\Debug\link.write.1.tlog
D:\Documents\Documents\grafica\lab2\lab2_ex1_v2\tema1\Debug\vc110.idb
D:\Documents\Documents\grafica\lab2\lab2_ex1_v2\tema1\Debug\vc110.pdb
D:\Documents\Documents\grafica\lab2\lab2_ex1_v2\Debug\Tema1.pdb
D:\Documents\Documents\grafica\lab2\lab2_ex1_v2\Debug\Tema1.exe
D:\Documents\Documents\grafica\lab2\lab2_ex1_v2\Debug\Tema1.ilk
