Build started 03.11.2013 03:15:50.
     1>Project "D:\Documents\Documents\grafica\lab2\Tema1\tema1\tema1.vcxproj" on node 2 (Build target(s)).
     1>ClCompile:
         C:\Program Files (x86)\Microsoft Visual Studio 11.0\VC\bin\CL.exe /c /Idependente /ZI /nologo /W3 /WX- /Od /Oy- /D _MBCS /Gm /EHsc /RTC1 /MDd /GS /fp:precise /Zc:wchar_t /Zc:forScope /Fo"Debug\\" /Fd"Debug\vc110.pdb" /Gd /TP /analyze- /errorReport:prompt Framework\Common.cpp Framework\ComplexObject2D.cpp Framework\DrawingWindow.cpp Framework\Transform2D.cpp Framework\Visual2D.cpp main.cpp Objects\ArrowEnemy.cpp Objects\Bonus.cpp Objects\CircularSawEnemy.cpp Objects\Enemy.cpp Objects\GameFieldVisual2D.cpp Objects\LifeBonus.cpp Objects\ShieldBonus.cpp Objects\ship.cpp Objects\SquareInSquareEnemy.cpp Objects\StatusVisual2D.cpp Objects\TwoSquaresEnemy.cpp
         TwoSquaresEnemy.cpp
     1>d:\documents\documents\grafica\lab2\tema1\tema1\framework\point2d.h(52): warning C4172: returning address of local variable or temporary
     1>d:\documents\documents\grafica\lab2\tema1\tema1\framework\object2d.h(23): warning C4018: '<' : signed/unsigned mismatch
     1>d:\documents\documents\grafica\lab2\tema1\tema1\objects\twosquaresenemy.cpp(24): warning C4305: '=' : truncation from 'double' to 'float'
     1>d:\documents\documents\grafica\lab2\tema1\tema1\objects\twosquaresenemy.cpp(35): warning C4244: 'initializing' : conversion from 'double' to 'const float', possible loss of data
         StatusVisual2D.cpp
     1>d:\documents\documents\grafica\lab2\tema1\tema1\framework\point2d.h(52): warning C4172: returning address of local variable or temporary
     1>d:\documents\documents\grafica\lab2\tema1\tema1\framework\object2d.h(23): warning C4018: '<' : signed/unsigned mismatch
         SquareInSquareEnemy.cpp
     1>d:\documents\documents\grafica\lab2\tema1\tema1\framework\point2d.h(52): warning C4172: returning address of local variable or temporary
     1>d:\documents\documents\grafica\lab2\tema1\tema1\framework\object2d.h(23): warning C4018: '<' : signed/unsigned mismatch
     1>d:\documents\documents\grafica\lab2\tema1\tema1\objects\squareinsquareenemy.cpp(23): warning C4305: '=' : truncation from 'double' to 'float'
     1>d:\documents\documents\grafica\lab2\tema1\tema1\objects\squareinsquareenemy.cpp(39): warning C4244: 'initializing' : conversion from 'double' to 'const float', possible loss of data
         ship.cpp
     1>d:\documents\documents\grafica\lab2\tema1\tema1\framework\point2d.h(52): warning C4172: returning address of local variable or temporary
     1>d:\documents\documents\grafica\lab2\tema1\tema1\framework\object2d.h(23): warning C4018: '<' : signed/unsigned mismatch
     1>d:\documents\documents\grafica\lab2\tema1\tema1\framework\circle2d.h(24): warning C4244: '=' : conversion from 'double' to 'float', possible loss of data
     1>d:\documents\documents\grafica\lab2\tema1\tema1\framework\circle2d.h(48): warning C4244: '=' : conversion from 'double' to 'float', possible loss of data
     1>d:\documents\documents\grafica\lab2\tema1\tema1\objects\ship.cpp(30): warning C4305: '=' : truncation from 'double' to 'float'
     1>d:\documents\documents\grafica\lab2\tema1\tema1\objects\ship.cpp(32): warning C4305: 'initializing' : truncation from 'double' to 'const float'
     1>d:\documents\documents\grafica\lab2\tema1\tema1\objects\ship.cpp(33): warning C4244: 'initializing' : conversion from 'double' to 'const float', possible loss of data
     1>d:\documents\documents\grafica\lab2\tema1\tema1\objects\ship.cpp(33): warning C4305: 'initializing' : truncation from 'double' to 'const float'
     1>d:\documents\documents\grafica\lab2\tema1\tema1\objects\ship.cpp(40): warning C4244: 'argument' : conversion from 'double' to 'float', possible loss of data
     1>d:\documents\documents\grafica\lab2\tema1\tema1\objects\ship.cpp(43): warning C4244: 'argument' : conversion from 'double' to 'float', possible loss of data
     1>d:\documents\documents\grafica\lab2\tema1\tema1\objects\ship.cpp(45): warning C4244: 'argument' : conversion from 'double' to 'float', possible loss of data
     1>d:\documents\documents\grafica\lab2\tema1\tema1\objects\ship.cpp(47): warning C4244: 'argument' : conversion from 'double' to 'float', possible loss of data
     1>d:\documents\documents\grafica\lab2\tema1\tema1\objects\ship.cpp(49): warning C4244: 'argument' : conversion from 'double' to 'float', possible loss of data
     1>d:\documents\documents\grafica\lab2\tema1\tema1\objects\ship.cpp(113): warning C4018: '<' : signed/unsigned mismatch
         ShieldBonus.cpp
     1>d:\documents\documents\grafica\lab2\tema1\tema1\framework\point2d.h(52): warning C4172: returning address of local variable or temporary
     1>d:\documents\documents\grafica\lab2\tema1\tema1\framework\object2d.h(23): warning C4018: '<' : signed/unsigned mismatch
     1>d:\documents\documents\grafica\lab2\tema1\tema1\framework\circle2d.h(24): warning C4244: '=' : conversion from 'double' to 'float', possible loss of data
     1>d:\documents\documents\grafica\lab2\tema1\tema1\framework\circle2d.h(48): warning C4244: '=' : conversion from 'double' to 'float', possible loss of data
     1>d:\documents\documents\grafica\lab2\tema1\tema1\objects\shieldbonus.cpp(31): warning C4305: 'initializing' : truncation from 'double' to 'float'
     1>d:\documents\documents\grafica\lab2\tema1\tema1\objects\shieldbonus.cpp(37): warning C4244: 'argument' : conversion from 'double' to 'float', possible loss of data
     1>d:\documents\documents\grafica\lab2\tema1\tema1\objects\shieldbonus.cpp(39): warning C4244: 'argument' : conversion from 'double' to 'float', possible loss of data
     1>d:\documents\documents\grafica\lab2\tema1\tema1\objects\shieldbonus.cpp(42): warning C4244: 'argument' : conversion from 'double' to 'float', possible loss of data
         LifeBonus.cpp
     1>d:\documents\documents\grafica\lab2\tema1\tema1\framework\point2d.h(52): warning C4172: returning address of local variable or temporary
     1>d:\documents\documents\grafica\lab2\tema1\tema1\framework\object2d.h(23): warning C4018: '<' : signed/unsigned mismatch
     1>d:\documents\documents\grafica\lab2\tema1\tema1\framework\circle2d.h(24): warning C4244: '=' : conversion from 'double' to 'float', possible loss of data
     1>d:\documents\documents\grafica\lab2\tema1\tema1\framework\circle2d.h(48): warning C4244: '=' : conversion from 'double' to 'float', possible loss of data
     1>d:\documents\documents\grafica\lab2\tema1\tema1\objects\lifebonus.cpp(29): warning C4305: 'initializing' : truncation from 'double' to 'float'
     1>d:\documents\documents\grafica\lab2\tema1\tema1\objects\lifebonus.cpp(31): warning C4305: 'argument' : truncation from 'double' to 'float'
         GameFieldVisual2D.cpp
     1>d:\documents\documents\grafica\lab2\tema1\tema1\framework\point2d.h(52): warning C4172: returning address of local variable or temporary
     1>d:\documents\documents\grafica\lab2\tema1\tema1\framework\object2d.h(23): warning C4018: '<' : signed/unsigned mismatch
     1>d:\documents\documents\grafica\lab2\tema1\tema1\objects\gamefieldvisual2d.cpp(32): warning C4244: '=' : conversion from 'float' to 'int', possible loss of data
     1>d:\documents\documents\grafica\lab2\tema1\tema1\objects\gamefieldvisual2d.cpp(47): warning C4305: 'argument' : truncation from 'double' to 'float'
     1>d:\documents\documents\grafica\lab2\tema1\tema1\objects\gamefieldvisual2d.cpp(59): warning C4305: 'argument' : truncation from 'double' to 'float'
     1>d:\documents\documents\grafica\lab2\tema1\tema1\objects\gamefieldvisual2d.cpp(64): warning C4305: 'argument' : truncation from 'double' to 'float'
     1>d:\documents\documents\grafica\lab2\tema1\tema1\objects\gamefieldvisual2d.cpp(171): warning C4018: '>=' : signed/unsigned mismatch
     1>d:\documents\documents\grafica\lab2\tema1\tema1\objects\gamefieldvisual2d.cpp(183): warning C4244: 'argument' : conversion from 'double' to 'float', possible loss of data
     1>d:\documents\documents\grafica\lab2\tema1\tema1\objects\gamefieldvisual2d.cpp(184): warning C4244: 'argument' : conversion from 'int' to 'float', possible loss of data
     1>d:\documents\documents\grafica\lab2\tema1\tema1\objects\gamefieldvisual2d.cpp(194): warning C4244: 'argument' : conversion from 'double' to 'float', possible loss of data
     1>d:\documents\documents\grafica\lab2\tema1\tema1\objects\gamefieldvisual2d.cpp(195): warning C4244: 'argument' : conversion from 'int' to 'float', possible loss of data
     1>d:\documents\documents\grafica\lab2\tema1\tema1\objects\gamefieldvisual2d.cpp(204): warning C4244: 'argument' : conversion from 'double' to 'float', possible loss of data
     1>d:\documents\documents\grafica\lab2\tema1\tema1\objects\gamefieldvisual2d.cpp(205): warning C4244: 'argument' : conversion from 'int' to 'float', possible loss of data
     1>d:\documents\documents\grafica\lab2\tema1\tema1\objects\gamefieldvisual2d.cpp(214): warning C4244: 'argument' : conversion from 'double' to 'float', possible loss of data
     1>d:\documents\documents\grafica\lab2\tema1\tema1\objects\gamefieldvisual2d.cpp(215): warning C4244: 'argument' : conversion from 'int' to 'float', possible loss of data
     1>d:\documents\documents\grafica\lab2\tema1\tema1\objects\gamefieldvisual2d.cpp(229): warning C4244: 'argument' : conversion from 'int' to 'float', possible loss of data
     1>d:\documents\documents\grafica\lab2\tema1\tema1\objects\gamefieldvisual2d.cpp(230): warning C4244: 'argument' : conversion from 'int' to 'float', possible loss of data
     1>d:\documents\documents\grafica\lab2\tema1\tema1\objects\gamefieldvisual2d.cpp(272): warning C4244: 'argument' : conversion from 'double' to 'float', possible loss of data
     1>d:\documents\documents\grafica\lab2\tema1\tema1\objects\gamefieldvisual2d.cpp(273): warning C4244: 'argument' : conversion from 'int' to 'float', possible loss of data
     1>d:\documents\documents\grafica\lab2\tema1\tema1\objects\gamefieldvisual2d.cpp(283): warning C4244: 'argument' : conversion from 'double' to 'float', possible loss of data
     1>d:\documents\documents\grafica\lab2\tema1\tema1\objects\gamefieldvisual2d.cpp(284): warning C4244: 'argument' : conversion from 'int' to 'float', possible loss of data
         Enemy.cpp
     1>d:\documents\documents\grafica\lab2\tema1\tema1\framework\point2d.h(52): warning C4172: returning address of local variable or temporary
     1>d:\documents\documents\grafica\lab2\tema1\tema1\framework\object2d.h(23): warning C4018: '<' : signed/unsigned mismatch
     1>d:\documents\documents\grafica\lab2\tema1\tema1\objects\enemy.cpp(43): warning C4800: 'int' : forcing value to bool 'true' or 'false' (performance warning)
     1>d:\documents\documents\grafica\lab2\tema1\tema1\objects\enemy.cpp(54): warning C4244: '=' : conversion from 'double' to 'float', possible loss of data
         CircularSawEnemy.cpp
     1>d:\documents\documents\grafica\lab2\tema1\tema1\framework\point2d.h(52): warning C4172: returning address of local variable or temporary
     1>d:\documents\documents\grafica\lab2\tema1\tema1\framework\object2d.h(23): warning C4018: '<' : signed/unsigned mismatch
     1>d:\documents\documents\grafica\lab2\tema1\tema1\framework\circle2d.h(24): warning C4244: '=' : conversion from 'double' to 'float', possible loss of data
     1>d:\documents\documents\grafica\lab2\tema1\tema1\framework\circle2d.h(48): warning C4244: '=' : conversion from 'double' to 'float', possible loss of data
     1>d:\documents\documents\grafica\lab2\tema1\tema1\objects\circularsawenemy.cpp(28): warning C4305: '=' : truncation from 'double' to 'float'
     1>d:\documents\documents\grafica\lab2\tema1\tema1\objects\circularsawenemy.cpp(38): warning C4244: 'argument' : conversion from 'double' to 'float', possible loss of data
     1>d:\documents\documents\grafica\lab2\tema1\tema1\objects\circularsawenemy.cpp(45): warning C4244: 'argument' : conversion from 'double' to 'float', possible loss of data
     1>d:\documents\documents\grafica\lab2\tema1\tema1\objects\circularsawenemy.cpp(52): warning C4244: 'argument' : conversion from 'double' to 'float', possible loss of data
     1>d:\documents\documents\grafica\lab2\tema1\tema1\objects\circularsawenemy.cpp(59): warning C4244: 'argument' : conversion from 'double' to 'float', possible loss of data
         Bonus.cpp
     1>d:\documents\documents\grafica\lab2\tema1\tema1\framework\point2d.h(52): warning C4172: returning address of local variable or temporary
     1>d:\documents\documents\grafica\lab2\tema1\tema1\framework\object2d.h(23): warning C4018: '<' : signed/unsigned mismatch
         ArrowEnemy.cpp
     1>d:\documents\documents\grafica\lab2\tema1\tema1\framework\point2d.h(52): warning C4172: returning address of local variable or temporary
     1>d:\documents\documents\grafica\lab2\tema1\tema1\framework\object2d.h(23): warning C4018: '<' : signed/unsigned mismatch
     1>d:\documents\documents\grafica\lab2\tema1\tema1\objects\arrowenemy.cpp(23): warning C4305: '=' : truncation from 'double' to 'float'
     1>d:\documents\documents\grafica\lab2\tema1\tema1\objects\arrowenemy.cpp(45): warning C4244: 'initializing' : conversion from 'double' to 'const float', possible loss of data
         main.cpp
     1>d:\documents\documents\grafica\lab2\tema1\tema1\framework\point2d.h(52): warning C4172: returning address of local variable or temporary
     1>d:\documents\documents\grafica\lab2\tema1\tema1\framework\object2d.h(23): warning C4018: '<' : signed/unsigned mismatch
     1>d:\documents\documents\grafica\lab2\tema1\tema1\framework\circle2d.h(24): warning C4244: '=' : conversion from 'double' to 'float', possible loss of data
     1>d:\documents\documents\grafica\lab2\tema1\tema1\framework\circle2d.h(48): warning C4244: '=' : conversion from 'double' to 'float', possible loss of data
     1>d:\documents\documents\grafica\lab2\tema1\tema1\main.cpp(24): warning C4244: 'argument' : conversion from 'time_t' to 'unsigned int', possible loss of data
     1>d:\documents\documents\grafica\lab2\tema1\tema1\main.cpp(27): warning C4244: 'argument' : conversion from 'int' to 'float', possible loss of data
     1>d:\documents\documents\grafica\lab2\tema1\tema1\main.cpp(31): warning C4244: 'argument' : conversion from 'int' to 'float', possible loss of data
     1>d:\documents\documents\grafica\lab2\tema1\tema1\main.cpp(35): warning C4244: 'argument' : conversion from 'int' to 'float', possible loss of data
     1>d:\documents\documents\grafica\lab2\tema1\tema1\main.cpp(38): warning C4244: 'argument' : conversion from 'int' to 'float', possible loss of data
         Visual2D.cpp
     1>d:\documents\documents\grafica\lab2\tema1\tema1\framework\point2d.h(52): warning C4172: returning address of local variable or temporary
     1>d:\documents\documents\grafica\lab2\tema1\tema1\framework\object2d.h(23): warning C4018: '<' : signed/unsigned mismatch
     1>d:\documents\documents\grafica\lab2\tema1\tema1\framework\visual2d.cpp(92): warning C4244: '=' : conversion from 'float' to 'int', possible loss of data
     1>d:\documents\documents\grafica\lab2\tema1\tema1\framework\visual2d.cpp(93): warning C4244: '=' : conversion from 'float' to 'int', possible loss of data
     1>d:\documents\documents\grafica\lab2\tema1\tema1\framework\visual2d.cpp(94): warning C4244: '=' : conversion from 'float' to 'int', possible loss of data
     1>d:\documents\documents\grafica\lab2\tema1\tema1\framework\visual2d.cpp(95): warning C4244: '=' : conversion from 'float' to 'int', possible loss of data
         Transform2D.cpp
     1>d:\documents\documents\grafica\lab2\tema1\tema1\framework\point2d.h(52): warning C4172: returning address of local variable or temporary
     1>d:\documents\documents\grafica\lab2\tema1\tema1\framework\object2d.h(23): warning C4018: '<' : signed/unsigned mismatch
     1>d:\documents\documents\grafica\lab2\tema1\tema1\framework\transform2d.cpp(145): warning C4018: '<' : signed/unsigned mismatch
     1>d:\documents\documents\grafica\lab2\tema1\tema1\framework\transform2d.cpp(175): warning C4018: '<' : signed/unsigned mismatch
         DrawingWindow.cpp
     1>d:\documents\documents\grafica\lab2\tema1\tema1\framework\point2d.h(52): warning C4172: returning address of local variable or temporary
     1>d:\documents\documents\grafica\lab2\tema1\tema1\framework\object2d.h(23): warning C4018: '<' : signed/unsigned mismatch
     1>d:\documents\documents\grafica\lab2\tema1\tema1\framework\drawingwindow.cpp(100): warning C4018: '<' : signed/unsigned mismatch
     1>d:\documents\documents\grafica\lab2\tema1\tema1\framework\drawingwindow.cpp(104): warning C4018: '<' : signed/unsigned mismatch
     1>d:\documents\documents\grafica\lab2\tema1\tema1\framework\drawingwindow.cpp(164): warning C4018: '<' : signed/unsigned mismatch
     1>d:\documents\documents\grafica\lab2\tema1\tema1\framework\drawingwindow.cpp(168): warning C4018: '<' : signed/unsigned mismatch
     1>d:\documents\documents\grafica\lab2\tema1\tema1\framework\drawingwindow.cpp(220): warning C4018: '<' : signed/unsigned mismatch
     1>d:\documents\documents\grafica\lab2\tema1\tema1\framework\drawingwindow.cpp(423): warning C4018: '<' : signed/unsigned mismatch
     1>d:\documents\documents\grafica\lab2\tema1\tema1\framework\drawingwindow.cpp(440): warning C4018: '<' : signed/unsigned mismatch
     1>d:\documents\documents\grafica\lab2\tema1\tema1\framework\drawingwindow.cpp(457): warning C4018: '<' : signed/unsigned mismatch
     1>d:\documents\documents\grafica\lab2\tema1\tema1\framework\drawingwindow.cpp(474): warning C4018: '<' : signed/unsigned mismatch
     1>d:\documents\documents\grafica\lab2\tema1\tema1\framework\drawingwindow.cpp(492): warning C4018: '<' : signed/unsigned mismatch
         ComplexObject2D.cpp
     1>d:\documents\documents\grafica\lab2\tema1\tema1\framework\point2d.h(52): warning C4172: returning address of local variable or temporary
     1>d:\documents\documents\grafica\lab2\tema1\tema1\framework\object2d.h(23): warning C4018: '<' : signed/unsigned mismatch
     1>d:\documents\documents\grafica\lab2\tema1\tema1\framework\complexobject2d.cpp(35): warning C4018: '<' : signed/unsigned mismatch
     1>d:\documents\documents\grafica\lab2\tema1\tema1\framework\complexobject2d.cpp(36): warning C4018: '<' : signed/unsigned mismatch
     1>d:\documents\documents\grafica\lab2\tema1\tema1\framework\complexobject2d.cpp(101): warning C4018: '<' : signed/unsigned mismatch
     1>d:\documents\documents\grafica\lab2\tema1\tema1\framework\complexobject2d.cpp(186): warning C4018: '<' : signed/unsigned mismatch
     1>d:\documents\documents\grafica\lab2\tema1\tema1\framework\complexobject2d.cpp(206): warning C4018: '<' : signed/unsigned mismatch
     1>c:\program files (x86)\microsoft visual studio 11.0\vc\include\tuple(151): warning C4244: 'initializing' : conversion from 'int' to 'float', possible loss of data
                 c:\program files (x86)\microsoft visual studio 11.0\vc\include\tuple(521) : see reference to function template instantiation 'std::_Tuple_val<_Ty>::_Tuple_val<int>(_Other &&)' being compiled
                 with
                 [
                     _Ty=float,
                     _Other=int
                 ]
                 c:\program files (x86)\microsoft visual studio 11.0\vc\include\tuple(521) : see reference to function template instantiation 'std::_Tuple_val<_Ty>::_Tuple_val<int>(_Other &&)' being compiled
                 with
                 [
                     _Ty=float,
                     _Other=int
                 ]
                 c:\program files (x86)\microsoft visual studio 11.0\vc\include\tuple(521) : see reference to function template instantiation 'std::tuple<<unnamed-symbol>,_V0_t,_V1_t,_V2_t,_V3_t,_V4_t>::tuple<_Vx0_t,_Vx1_t>(std::tuple<_Vx0_t,_Vx1_t,_V1_t,_V2_t,_V3_t,_V4_t> &&,void **)' being compiled
                 with
                 [
                     <unnamed-symbol>=float,
                     _V0_t=float,
                     _V1_t=std::_Nil,
                     _V2_t=std::_Nil,
                     _V3_t=std::_Nil,
                     _V4_t=std::_Nil,
                     _Vx0_t=int,
                     _Vx1_t=int
                 ]
                 c:\program files (x86)\microsoft visual studio 11.0\vc\include\tuple(521) : see reference to function template instantiation 'std::tuple<<unnamed-symbol>,_V0_t,_V1_t,_V2_t,_V3_t,_V4_t>::tuple<_Vx0_t,_Vx1_t>(std::tuple<_Vx0_t,_Vx1_t,_V1_t,_V2_t,_V3_t,_V4_t> &&,void **)' being compiled
                 with
                 [
                     <unnamed-symbol>=float,
                     _V0_t=float,
                     _V1_t=std::_Nil,
                     _V2_t=std::_Nil,
                     _V3_t=std::_Nil,
                     _V4_t=std::_Nil,
                     _Vx0_t=int,
                     _Vx1_t=int
                 ]
                 d:\documents\documents\grafica\lab2\tema1\tema1\framework\complexobject2d.cpp(61) : see reference to function template instantiation 'std::tuple<<unnamed-symbol>,_V0_t,_V1_t>::tuple<Point2D,int,int>(std::tuple<<unnamed-symbol>,int,int,_V2_t,_V3_t,_V4_t,_V5_t,std::_Nil> &&,void **)' being compiled
                 with
                 [
                     <unnamed-symbol>=Point2D,
                     _V0_t=float,
                     _V1_t=float,
                     _V2_t=std::_Nil,
                     _V3_t=std::_Nil,
                     _V4_t=std::_Nil,
                     _V5_t=std::_Nil
                 ]
                 d:\documents\documents\grafica\lab2\tema1\tema1\framework\complexobject2d.cpp(61) : see reference to function template instantiation 'std::tuple<<unnamed-symbol>,_V0_t,_V1_t>::tuple<Point2D,int,int>(std::tuple<<unnamed-symbol>,int,int,_V2_t,_V3_t,_V4_t,_V5_t,std::_Nil> &&,void **)' being compiled
                 with
                 [
                     <unnamed-symbol>=Point2D,
                     _V0_t=float,
                     _V1_t=float,
                     _V2_t=std::_Nil,
                     _V3_t=std::_Nil,
                     _V4_t=std::_Nil,
                     _V5_t=std::_Nil
                 ]
         Common.cpp
     1>d:\documents\documents\grafica\lab2\tema1\tema1\framework\point2d.h(52): warning C4172: returning address of local variable or temporary
         Generating Code...
       Link:
         C:\Program Files (x86)\Microsoft Visual Studio 11.0\VC\bin\link.exe /ERRORREPORT:PROMPT /OUT:"D:\Documents\Documents\grafica\lab2\Tema1\Debug\Tema1.exe" /INCREMENTAL /NOLOGO /LIBPATH:dependente freeglut.lib kernel32.lib user32.lib gdi32.lib winspool.lib comdlg32.lib advapi32.lib shell32.lib ole32.lib oleaut32.lib uuid.lib odbc32.lib odbccp32.lib /MANIFEST /MANIFESTUAC:"level='asInvoker' uiAccess='false'" /manifest:embed /DEBUG /PDB:"D:\Documents\Documents\grafica\lab2\Tema1\Debug\Tema1.pdb" /TLBID:1 /DYNAMICBASE /NXCOMPAT /IMPLIB:"D:\Documents\Documents\grafica\lab2\Tema1\Debug\Tema1.lib" /MACHINE:X86 Debug\Common.obj
         Debug\ComplexObject2D.obj
         Debug\DrawingWindow.obj
         Debug\Transform2D.obj
         Debug\Visual2D.obj
         Debug\main.obj
         Debug\ArrowEnemy.obj
         Debug\Bonus.obj
         Debug\CircularSawEnemy.obj
         Debug\Enemy.obj
         Debug\GameFieldVisual2D.obj
         Debug\LifeBonus.obj
         Debug\ShieldBonus.obj
         Debug\ship.obj
         Debug\SquareInSquareEnemy.obj
         Debug\StatusVisual2D.obj
         Debug\TwoSquaresEnemy.obj
         tema1.vcxproj -> D:\Documents\Documents\grafica\lab2\Tema1\Debug\Tema1.exe
     1>Done Building Project "D:\Documents\Documents\grafica\lab2\Tema1\tema1\tema1.vcxproj" (Build target(s)).

Build succeeded.

Time Elapsed 00:00:14.14
